Unity Editor version:    6000.3.2f1 (a9779f353c9b)
Branch:                  6000.3/staging
Build type:              Release
Batch mode:              YES
macOS version:           Version 15.7.4 (Build 24G517)
Darwin version:          24.6.0
Architecture:            x86_64
Running under Rosetta:   NO
Available memory:        16384 MB
Date:                    2026-04-30T07:42:14Z
[Licensing::Module] Trying to connect to existing licensing client channel...
[Licensing::IpcConnector] Successfully connected to: "LicenseClient-oppilas" at "2026-04-30T07:42:14.751115Z"

COMMAND LINE ARGUMENTS:
/Applications/Unity/Hub/Editor/6000.3.2f1/Unity.app/Contents/MacOS/Unity
-adb2
-batchMode
-noUpm
-name
AssetImportWorker1
-projectPath
/Users/oppilas/Desktop/untitled folder 2/pinky pewpew/Pinky-PewPew
-logFile
Logs/AssetImportWorker1.log
-srvPort
49829
-licensingIpc
LicenseClient-oppilas
-job-worker-count
5
-background-job-worker-count
8
-gc-helper-count
1
-name AssetImport
Successfully changed project path to: /Users/oppilas/Desktop/untitled folder 2/pinky pewpew/Pinky-PewPew
/Users/oppilas/Desktop/untitled folder 2/pinky pewpew/Pinky-PewPew
[UnityMemory] Configuration Parameters - Can be set up in boot.config
    "memorysetup-allocator-temp-initial-block-size-main=262144"
    "memorysetup-allocator-temp-initial-block-size-worker=262144"
    "memorysetup-temp-allocator-size-background-worker=32768"
    "memorysetup-temp-allocator-size-job-worker=262144"
    "memorysetup-temp-allocator-size-preload-manager=33554432"
    "memorysetup-temp-allocator-size-nav-mesh-worker=65536"
    "memorysetup-temp-allocator-size-audio-worker=65536"
    "memorysetup-temp-allocator-size-cloud-worker=32768"
    "memorysetup-temp-allocator-size-gi-baking-worker=262144"
    "memorysetup-temp-allocator-size-gi-baking-worker=262144"
    "memorysetup-temp-allocator-size-gi-baking-worker=262144"
    "memorysetup-temp-allocator-size-gi-baking-worker=262144"
    "memorysetup-temp-allocator-size-gi-baking-worker=262144"
    "memorysetup-bucket-allocator-granularity=16"
    "memorysetup-bucket-allocator-bucket-count=8"
    "memorysetup-bucket-allocator-block-size=33554432"
    "memorysetup-bucket-allocator-block-count=8"
    "memorysetup-main-allocator-block-size=16777216"
    "memorysetup-thread-allocator-block-size=16777216"
    "memorysetup-gfx-main-allocator-block-size=16777216"
    "memorysetup-gfx-thread-allocator-block-size=16777216"
    "memorysetup-cache-allocator-block-size=4194304"
    "memorysetup-typetree-allocator-block-size=2097152"
    "memorysetup-profiler-bucket-allocator-granularity=16"
    "memorysetup-profiler-bucket-allocator-bucket-count=8"
    "memorysetup-profiler-bucket-allocator-block-size=33554432"
    "memorysetup-profiler-bucket-allocator-block-count=8"
    "memorysetup-profiler-allocator-block-size=16777216"
    "memorysetup-profiler-editor-allocator-block-size=1048576"
    "memorysetup-temp-allocator-size-main=16777216"
    "memorysetup-job-temp-allocator-block-size=2097152"
    "memorysetup-job-temp-allocator-block-size-background=1048576"
    "memorysetup-job-temp-allocator-reduction-small-platforms=262144"
    "memorysetup-temp-allocator-size-gfx=262144"
Player connection [140704538591488]  Target information:

Player connection [140704538591488]  * "[IP] 10.17.33.163 [Port] 0 [Flags] 2 [Guid] 2707444837 [EditorId] 2707444837 [Version] 1048832 [Id] OSXEditor(0,htkmtav-41405.dyn.edu.hel.fi) [Debug] 1 [PackageName] OSXEditor [ProjectName] Editor" 

Player connection [140704538591488] Host joined multi-casting on [225.0.0.222:54997]...
Player connection [140704538591488] Host joined alternative multi-casting on [225.0.0.222:34997]...
JobSystem: Creating JobQueue using job-worker-count value 5
Input System module state changed to: Initialized.
[Physics::Module] Initialized fallback backend.
[Physics::Module] Id: 0xdecafbad
Library Redirect Path: Library/
[Physics::Module] Selected backend.
[Physics::Module] Name: PhysX
[Physics::Module] Id: 0xf2b8ea05
[Physics::Module] SDK Version: 4.1.2
[Physics::Module] Integration Version: 1.0.0
[Physics::Module] Threading Mode: Multi-Threaded
Refreshing native plugins compatible for Editor in 4.09 ms, found 1 plugins.
Preloading 0 native plugins for Editor in 0.00 ms.
Initialize engine version: 6000.3.2f1 (a9779f353c9b)
[Subsystems] Discovering subsystems at path /Applications/Unity/Hub/Editor/6000.3.2f1/Unity.app/Contents/Resources/UnitySubsystems
[Subsystems] Discovering subsystems at path /Users/oppilas/Desktop/untitled folder 2/pinky pewpew/Pinky-PewPew/Assets
GfxDevice: creating device client; kGfxThreadingModeNonThreaded
iMac preferred device: AMD Radeon Pro 5300 (high power)
Metal devices available: 1
0: AMD Radeon Pro 5300 (high power)
Using device AMD Radeon Pro 5300 (high power)
Initializing Metal device caps: AMD Radeon Pro 5300
Mac GPU Family: 2
Apple GPU Family: 0
MSL Version: 3.0
Has Float MSAA: 1
Has Float Filtering: 1
ReadWrite Texture Tier: 2
Initialize mono
Mono path[0] = '/Applications/Unity/Hub/Editor/6000.3.2f1/Unity.app/Contents/Resources/Scripting/Managed'
Mono path[1] = '/Applications/Unity/Hub/Editor/6000.3.2f1/Unity.app/Contents/Resources/Scripting/MonoBleedingEdge/lib/mono/unityjit-macos'
Mono config path = '/Applications/Unity/Hub/Editor/6000.3.2f1/Unity.app/Contents/Resources/Scripting/MonoBleedingEdge/etc'
Using monoOptions --debugger-agent=transport=dt_socket,embedding=1,server=y,suspend=n,address=127.0.0.1:56736
Begin MonoManager ReloadAssembly
Registering precompiled unity dll's ...
Register platform support module: /Applications/Unity/Hub/Editor/6000.3.2f1/PlaybackEngines/WebGLSupport/UnityEditor.WebGL.Extensions.dll
Register platform support module: /Applications/Unity/Hub/Editor/6000.3.2f1/Unity.app/Contents/PlaybackEngines/MacStandaloneSupport/UnityEditor.OSXStandalone.Extensions.dll
Register platform support module: /Applications/Unity/Hub/Editor/6000.3.2f1/PlaybackEngines/WindowsStandaloneSupport/UnityEditor.WindowsStandalone.Extensions.dll
Registered in 0.002529 seconds.
[Licensing::Client] Handshaking with LicensingClient:
  Version:                 1.17.4+4293ba1
  Session Id:              21b1feabc8814cb382ad68df27ea4afa
  Correlation Id:          252a7984b93081e30c43c175753cd86c
  External correlation Id: 2565637176168526869
  Machine Id:              IxCaOGzRniZJ3H70tRr/hjvxKBg=
[Licensing::Module] Successfully connected to LicensingClient on channel: "LicenseClient-oppilas" (connect: 0.00s, validation: 0.00s, handshake: 1.15s)
[Licensing::IpcConnector] Successfully connected to: "LicenseClient-oppilas-notifications" at "2026-04-30T07:42:15.904372Z"
[Licensing::Module] Licensing Background thread has ended after 1.15s
- Loaded All Assemblies, in  0.934 seconds
Native extension for WindowsStandalone target not found
Native extension for OSXStandalone target not found
Native extension for WebGL target not found
Mono: successfully reloaded assembly
- Finished resetting the current domain, in  0.672 seconds
Domain Reload Profiling: 1606ms
	BeginReloadAssembly (290ms)
		ExecutionOrderSort (0ms)
		DisableScriptedObjects (0ms)
		BackupInstance (0ms)
		ReleaseScriptingObjects (0ms)
		CreateAndSetChildDomain (1ms)
	RebuildCommonClasses (78ms)
	RebuildNativeTypeToScriptingClass (24ms)
	initialDomainReloadingComplete (84ms)
	LoadAllAssembliesAndSetupDomain (458ms)
		LoadAssemblies (292ms)
		RebuildTransferFunctionScriptingTraits (0ms)
		AnalyzeDomain (450ms)
			TypeCache.Refresh (442ms)
				TypeCache.ScanAssembly (398ms)
			BuildScriptInfoCaches (0ms)
			ResolveRequiredComponents (1ms)
	FinalizeReload (672ms)
		ReleaseScriptCaches (0ms)
		RebuildScriptCaches (0ms)
		SetupLoadedEditorAssemblies (593ms)
			LogAssemblyErrors (0ms)
			InitializePlatformSupportModulesInManaged (145ms)
			SetLoadedEditorAssemblies (6ms)
			BeforeProcessingInitializeOnLoad (184ms)
			ProcessInitializeOnLoadAttributes (181ms)
			ProcessInitializeOnLoadMethodAttributes (75ms)
			AfterProcessingInitializeOnLoad (0ms)
			EditorAssembliesLoaded (0ms)
		ExecutionOrderSort2 (0ms)
		AwakeInstancesAfterBackupRestoration (0ms)
[CoreBusinessMetrics] Unexpected thread when updating session info.
========================================================================
Worker process is ready to serve import requests
Import Worker Mode flag is 0x00
Begin MonoManager ReloadAssembly
[Licensing::Client] Successfully resolved entitlement details
[Licensing::Module] License group:
  Id: 5773950015909-UnityPersXXXX
  Product: Unity Personal
  Type: Assigned
  Expiration: Unlimited
- Loaded All Assemblies, in  1.144 seconds
Refreshing native plugins compatible for Editor in 0.49 ms, found 1 plugins.
Native extension for WindowsStandalone target not found
Native extension for OSXStandalone target not found
Native extension for WebGL target not found
Package Manager log level set to [2]
[Package Manager] Failed to launch server process. Reason: Unity was launched with the -noUpm command-line argument
[Package Manager] Unable to send message (not connected to server process).
[Package Manager] Cannot connect to Unity Package Manager local server
Mono: successfully reloaded assembly
- Finished resetting the current domain, in  1.110 seconds
Domain Reload Profiling: 2254ms
	BeginReloadAssembly (225ms)
		ExecutionOrderSort (0ms)
		DisableScriptedObjects (9ms)
		BackupInstance (0ms)
		ReleaseScriptingObjects (0ms)
		CreateAndSetChildDomain (58ms)
	RebuildCommonClasses (72ms)
	RebuildNativeTypeToScriptingClass (21ms)
	initialDomainReloadingComplete (51ms)
	LoadAllAssembliesAndSetupDomain (775ms)
		LoadAssemblies (542ms)
		RebuildTransferFunctionScriptingTraits (0ms)
		AnalyzeDomain (328ms)
			TypeCache.Refresh (247ms)
				TypeCache.ScanAssembly (225ms)
			BuildScriptInfoCaches (58ms)
			ResolveRequiredComponents (15ms)
	FinalizeReload (1111ms)
		ReleaseScriptCaches (0ms)
		RebuildScriptCaches (0ms)
		SetupLoadedEditorAssemblies (814ms)
			LogAssemblyErrors (0ms)
			InitializePlatformSupportModulesInManaged (17ms)
			SetLoadedEditorAssemblies (4ms)
			BeforeProcessingInitializeOnLoad (217ms)
			ProcessInitializeOnLoadAttributes (481ms)
			ProcessInitializeOnLoadMethodAttributes (93ms)
			AfterProcessingInitializeOnLoad (1ms)
			EditorAssembliesLoaded (0ms)
		ExecutionOrderSort2 (0ms)
		AwakeInstancesAfterBackupRestoration (4ms)
WARNING: Shader Unsupported: 'Universal Render Pipeline/VR/SpatialMapping/Wireframe' - All subshaders removed
WARNING: Shader Did you use #pragma only_renderers and omit this platform?
WARNING: Shader If subshaders removal was intentional, you may have forgotten turning Fallback off?
WARNING: Shader Unsupported: 'Universal Render Pipeline/VR/SpatialMapping/Wireframe' - All subshaders removed
WARNING: Shader Did you use #pragma only_renderers and omit this platform?
WARNING: Shader If subshaders removal was intentional, you may have forgotten turning Fallback off?
Launching external process: /Applications/Unity/Hub/Editor/6000.3.2f1/Unity.app/Contents/Helpers/UnityShaderCompiler
Launched and connected shader compiler UnityShaderCompiler after 0.09 seconds
Refreshing native plugins compatible for Editor in 0.39 ms, found 1 plugins.
Preloading 0 native plugins for Editor in 0.00 ms.
Unloading 17 Unused Serialized files (Serialized files now loaded: 0)
Unloading 6212 unused Assets / (4.7 MB). Loaded Objects now: 7047.
Memory consumption went from 143.8 MB to 139.1 MB.
Total: 17.109486 ms (FindLiveObjects: 0.984775 ms CreateObjectMapping: 1.920336 ms MarkObjects: 9.922063 ms  DeleteObjects: 4.280749 ms)

========================================================================
Received Import Request.
  Time since last request: 6010.757057 seconds.
  path: Assets/Scripts/BasicSpider.cs
  artifactKey: Guid(e028c179b101d4245bfaf3a36125670a) Importer(2089858483,b0f066a214c2f5e87bad3c948f4d605d)
Start importing Assets/Scripts/BasicSpider.cs using Guid(e028c179b101d4245bfaf3a36125670a) Importer(2089858483,b0f066a214c2f5e87bad3c948f4d605d) (ScriptedImporter) -> (artifact id: '6fa1b9fb1cad9763916c84c8733bbe4a') in 0.113632653 seconds
Number of updated asset objects reloaded before import = 0Number of asset objects unloaded after import = 0

========================================================================
Received Import Request.
  Time since last request: 0.000063 seconds.
  path: Assets/Prefabs/Bullet.prefab
  artifactKey: Guid(c59a296cc99174ba89af61ca645111f5) Importer(2089858483,b0f066a214c2f5e87bad3c948f4d605d)
Start importing Assets/Prefabs/Bullet.prefab using Guid(c59a296cc99174ba89af61ca645111f5) Importer(2089858483,b0f066a214c2f5e87bad3c948f4d605d) (ScriptedImporter) -> (artifact id: 'bfaece4125d98381d860386200c9afe2') in 0.056963261 seconds
Number of updated asset objects reloaded before import = 0Number of asset objects unloaded after import = 29

========================================================================
Received Import Request.
  Time since last request: 0.000051 seconds.
  path: Assets/Prefabs/RangedSpider.prefab
  artifactKey: Guid(ce1894951760c4b42b6b961e6027d005) Importer(2089858483,b0f066a214c2f5e87bad3c948f4d605d)
Start importing Assets/Prefabs/RangedSpider.prefab using Guid(ce1894951760c4b42b6b961e6027d005) Importer(2089858483,b0f066a214c2f5e87bad3c948f4d605d) (ScriptedImporter) -> (artifact id: '7993a8e2d11ca94fafc0e88137fccd5f') in 0.044816716 seconds
Number of updated asset objects reloaded before import = 0Number of asset objects unloaded after import = 203

========================================================================
Received Import Request.
  Time since last request: 0.000057 seconds.
  path: Assets/Materials/sp_bullet.mat
  artifactKey: Guid(92d013de0cbdc4ac2854ea8ba397b1ba) Importer(2089858483,b0f066a214c2f5e87bad3c948f4d605d)
Start importing Assets/Materials/sp_bullet.mat using Guid(92d013de0cbdc4ac2854ea8ba397b1ba) Importer(2089858483,b0f066a214c2f5e87bad3c948f4d605d) (ScriptedImporter) -> (artifact id: '21847f9b5d1f40161af7c364e1b0e0b0') in 0.022560723 seconds
Number of updated asset objects reloaded before import = 0Number of asset objects unloaded after import = 1

========================================================================
Received Import Request.
  Time since last request: 0.000062 seconds.
  path: Assets/Fonts/scorefont 1.asset
  artifactKey: Guid(147d7fda2f78c49348e448a2737f0de1) Importer(2089858483,b0f066a214c2f5e87bad3c948f4d605d)
Start importing Assets/Fonts/scorefont 1.asset using Guid(147d7fda2f78c49348e448a2737f0de1) Importer(2089858483,b0f066a214c2f5e87bad3c948f4d605d) (ScriptedImporter) -> (artifact id: 'c8e4896b63204eda1eb4a25f5301d2bb') in 0.044210974 seconds
Number of updated asset objects reloaded before import = 0Number of asset objects unloaded after import = 3

========================================================================
Received Import Request.
  Time since last request: 0.000054 seconds.
  path: Assets/InputSystem_Actions.inputactions
  artifactKey: Guid(052faaac586de48259a63d0c4782560b) Importer(815301076,1909f56bfc062723c751e8b465ee728b)
Start importing Assets/InputSystem_Actions.inputactions using Guid(052faaac586de48259a63d0c4782560b) Importer(815301076,1909f56bfc062723c751e8b465ee728b) (PreviewImporter) -> (artifact id: 'c2d1b8339714b3f1d6d3df1ef8f4b229') in 0.028191683 seconds
Number of updated asset objects reloaded before import = 0Number of asset objects unloaded after import = 20

========================================================================
Received Import Request.
  Time since last request: 0.000072 seconds.
  path: Assets/Scripts/Bullet.cs
  artifactKey: Guid(6b1244389b5ed4bc5be01fa818468ad3) Importer(2089858483,b0f066a214c2f5e87bad3c948f4d605d)
Start importing Assets/Scripts/Bullet.cs using Guid(6b1244389b5ed4bc5be01fa818468ad3) Importer(2089858483,b0f066a214c2f5e87bad3c948f4d605d) (ScriptedImporter) -> (artifact id: 'a402ef3c0b0736355e47c3a61c72a1c4') in 0.002566698 seconds
Number of updated asset objects reloaded before import = 0Number of asset objects unloaded after import = 0

========================================================================
Received Import Request.
  Time since last request: 0.000079 seconds.
  path: Assets/Sound/MouseSounds/audiomass-output.wav
  artifactKey: Guid(4fe391680f64b423e8142b54d4ecf43e) Importer(2089858483,b0f066a214c2f5e87bad3c948f4d605d)
Start importing Assets/Sound/MouseSounds/audiomass-output.wav using Guid(4fe391680f64b423e8142b54d4ecf43e) Importer(2089858483,b0f066a214c2f5e87bad3c948f4d605d) (ScriptedImporter) -> (artifact id: '3aa45e002e0b3d5f3c2d2f0c1e233931') in 0.026741411 seconds
Number of updated asset objects reloaded before import = 0Number of asset objects unloaded after import = 1

========================================================================
Received Import Request.
  Time since last request: 0.000109 seconds.
  path: Assets/2D Assets/Fur.mat
  artifactKey: Guid(ed9d0ce98a7c54fae8edac467e3824ba) Importer(2089858483,b0f066a214c2f5e87bad3c948f4d605d)
Start importing Assets/2D Assets/Fur.mat using Guid(ed9d0ce98a7c54fae8edac467e3824ba) Importer(2089858483,b0f066a214c2f5e87bad3c948f4d605d) (ScriptedImporter) -> (artifact id: '54f0b250b8a3e8b8f4708ff4d554d5f0') in 0.006713931 seconds
Number of updated asset objects reloaded before import = 0Number of asset objects unloaded after import = 2

========================================================================
Received Import Request.
  Time since last request: 0.000052 seconds.
  path: Assets/Settings/PC_RPAsset.asset
  artifactKey: Guid(4b83569d67af61e458304325a23e5dfd) Importer(2089858483,b0f066a214c2f5e87bad3c948f4d605d)
Start importing Assets/Settings/PC_RPAsset.asset using Guid(4b83569d67af61e458304325a23e5dfd) Importer(2089858483,b0f066a214c2f5e87bad3c948f4d605d) (ScriptedImporter) -> (artifact id: '9347445c762902e0bb017f4d369f4b93') in 0.046730133 seconds
Number of updated asset objects reloaded before import = 0Number of asset objects unloaded after import = 3

========================================================================
Received Import Request.
  Time since last request: 55.930860 seconds.
  path: Assets/Materials/big_legs.mat
  artifactKey: Guid(8c2d046e0edf045dabeaec4bff056dd7) Importer(815301076,1909f56bfc062723c751e8b465ee728b)
Start importing Assets/Materials/big_legs.mat using Guid(8c2d046e0edf045dabeaec4bff056dd7) Importer(815301076,1909f56bfc062723c751e8b465ee728b) (PreviewImporter) -> (artifact id: '7d7126eadc6c46e4cbc845d41b2e731b') in 1.202828574 seconds
Number of updated asset objects reloaded before import = 0Number of asset objects unloaded after import = 2

========================================================================
Received Import Request.
  Time since last request: 0.000161 seconds.
  path: Assets/Materials/Star.mat
  artifactKey: Guid(ff8046f29e2634b5e836ea442fbd21aa) Importer(815301076,1909f56bfc062723c751e8b465ee728b)
Start importing Assets/Materials/Star.mat using Guid(ff8046f29e2634b5e836ea442fbd21aa) Importer(815301076,1909f56bfc062723c751e8b465ee728b) (PreviewImporter) -> (artifact id: 'fb1c41fd824e34bcd1d2ceb63fd2aa70') in 0.017348114 seconds
Number of updated asset objects reloaded before import = 0Number of asset objects unloaded after import = 2

========================================================================
Received Import Request.
  Time since last request: 0.000045 seconds.
  path: Assets/Materials/StarParticle.mat
  artifactKey: Guid(ef980b3d692074ebb89292d789d59dba) Importer(815301076,1909f56bfc062723c751e8b465ee728b)
Start importing Assets/Materials/StarParticle.mat using Guid(ef980b3d692074ebb89292d789d59dba) Importer(815301076,1909f56bfc062723c751e8b465ee728b) (PreviewImporter) -> (artifact id: '4f76b5b9e6a3e19445ee84a45a8271cf') in 0.114594947 seconds
Number of updated asset objects reloaded before import = 0Number of asset objects unloaded after import = 2

========================================================================
Received Import Request.
  Time since last request: 0.000065 seconds.
  path: Assets/Materials/warrior_legs Base Color.png
  artifactKey: Guid(06a2e1bd7ff634d3a830cfe51af70dc0) Importer(815301076,1909f56bfc062723c751e8b465ee728b)
Start importing Assets/Materials/warrior_legs Base Color.png using Guid(06a2e1bd7ff634d3a830cfe51af70dc0) Importer(815301076,1909f56bfc062723c751e8b465ee728b) (PreviewImporter) -> (artifact id: 'a91bd4b25066008ffd3b9d1dca545a06') in 0.0150001 seconds
Number of updated asset objects reloaded before import = 0Number of asset objects unloaded after import = 2

========================================================================
Received Import Request.
  Time since last request: 0.000062 seconds.
  path: Assets/Materials/Rock.005_M.mat
  artifactKey: Guid(6f7ecdb36960f432f80046baf977850b) Importer(815301076,1909f56bfc062723c751e8b465ee728b)
Start importing Assets/Materials/Rock.005_M.mat using Guid(6f7ecdb36960f432f80046baf977850b) Importer(815301076,1909f56bfc062723c751e8b465ee728b) (PreviewImporter) -> (artifact id: '61ff88e5b7f1caac6ce17db1d87e8cb2') in 0.012163395 seconds
Number of updated asset objects reloaded before import = 0Number of asset objects unloaded after import = 2

========================================================================
Received Import Request.
  Time since last request: 0.000076 seconds.
  path: Assets/Materials/CandyColor.mat
  artifactKey: Guid(0beef4a50e9db441583ca9826787f59f) Importer(815301076,1909f56bfc062723c751e8b465ee728b)
Start importing Assets/Materials/CandyColor.mat using Guid(0beef4a50e9db441583ca9826787f59f) Importer(815301076,1909f56bfc062723c751e8b465ee728b) (PreviewImporter) -> (artifact id: 'e51293130fbe9368b55fefb04c192988') in 0.009156697 seconds
Number of updated asset objects reloaded before import = 0Number of asset objects unloaded after import = 2

========================================================================
Received Import Request.
  Time since last request: 0.000051 seconds.
  path: Assets/Materials/rock.005 Base Color.png
  artifactKey: Guid(9388cc0a7e3674cc9b350a09424ea56e) Importer(815301076,1909f56bfc062723c751e8b465ee728b)
Start importing Assets/Materials/rock.005 Base Color.png using Guid(9388cc0a7e3674cc9b350a09424ea56e) Importer(815301076,1909f56bfc062723c751e8b465ee728b) (PreviewImporter) -> (artifact id: 'f45b2ddbd87bd6ec79190d6c0876cc50') in 0.006462103 seconds
Number of updated asset objects reloaded before import = 0Number of asset objects unloaded after import = 2

========================================================================
Received Import Request.
  Time since last request: 0.000083 seconds.
  path: Assets/Materials/Material.002 1.mat
  artifactKey: Guid(89558303e3e56491ab1e73470e1d8c72) Importer(815301076,1909f56bfc062723c751e8b465ee728b)
Start importing Assets/Materials/Material.002 1.mat using Guid(89558303e3e56491ab1e73470e1d8c72) Importer(815301076,1909f56bfc062723c751e8b465ee728b) (PreviewImporter) -> (artifact id: 'f061e7b23fa278edc1a8d9b2f33a4ea1') in 0.009916449 seconds
Number of updated asset objects reloaded before import = 0Number of asset objects unloaded after import = 2

========================================================================
Received Import Request.
  Time since last request: 0.000081 seconds.
  path: Assets/Materials/New Cubemap.cubemap
  artifactKey: Guid(67016177d4824411a9e61b26b4ee8c42) Importer(815301076,1909f56bfc062723c751e8b465ee728b)
Start importing Assets/Materials/New Cubemap.cubemap using Guid(67016177d4824411a9e61b26b4ee8c42) Importer(815301076,1909f56bfc062723c751e8b465ee728b) (PreviewImporter) -> (artifact id: 'd89552e041efaa7e5e8d524a1d368262') in 0.101116085 seconds
Number of updated asset objects reloaded before import = 0Number of asset objects unloaded after import = 1

========================================================================
Received Import Request.
  Time since last request: 0.000081 seconds.
  path: Assets/Materials/ParticleUnlit2.mat
  artifactKey: Guid(7c7f7e69512a24d8ba1e1751030b1012) Importer(815301076,1909f56bfc062723c751e8b465ee728b)
Start importing Assets/Materials/ParticleUnlit2.mat using Guid(7c7f7e69512a24d8ba1e1751030b1012) Importer(815301076,1909f56bfc062723c751e8b465ee728b) (PreviewImporter) -> (artifact id: 'efd112b2fc0048518b1de72a89fc24a7') in 0.008333903 seconds
Number of updated asset objects reloaded before import = 0Number of asset objects unloaded after import = 1

========================================================================
Received Import Request.
  Time since last request: 0.000079 seconds.
  path: Assets/Materials/Rock.003_M.mat
  artifactKey: Guid(d3e40f51d8f2f4d20a445b92a38e235e) Importer(815301076,1909f56bfc062723c751e8b465ee728b)
Start importing Assets/Materials/Rock.003_M.mat using Guid(d3e40f51d8f2f4d20a445b92a38e235e) Importer(815301076,1909f56bfc062723c751e8b465ee728b) (PreviewImporter) -> (artifact id: 'e7986bc6d35cf69495bb0797d3a5400b') in 0.009955354 seconds
Number of updated asset objects reloaded before import = 0Number of asset objects unloaded after import = 2

========================================================================
Received Import Request.
  Time since last request: 0.000074 seconds.
  path: Assets/Materials/Rock_m.mat
  artifactKey: Guid(768b0653a0f0d47f49eaee0f07aede1d) Importer(815301076,1909f56bfc062723c751e8b465ee728b)
Start importing Assets/Materials/Rock_m.mat using Guid(768b0653a0f0d47f49eaee0f07aede1d) Importer(815301076,1909f56bfc062723c751e8b465ee728b) (PreviewImporter) -> (artifact id: '996dc01893fac6cb7f1770df8ba29815') in 0.007548095 seconds
Number of updated asset objects reloaded before import = 0Number of asset objects unloaded after import = 2

========================================================================
Received Import Request.
  Time since last request: 0.000058 seconds.
  path: Assets/Materials/Material.005.mat
  artifactKey: Guid(532bd1b768d0044bb8bb9cced478121d) Importer(815301076,1909f56bfc062723c751e8b465ee728b)
Start importing Assets/Materials/Material.005.mat using Guid(532bd1b768d0044bb8bb9cced478121d) Importer(815301076,1909f56bfc062723c751e8b465ee728b) (PreviewImporter) -> (artifact id: '949310a762eb5f83d1586b0543d86637') in 0.009069111 seconds
Number of updated asset objects reloaded before import = 0Number of asset objects unloaded after import = 2

========================================================================
Received Import Request.
  Time since last request: 0.000070 seconds.
  path: Assets/Materials/rock.003 Base Color.png
  artifactKey: Guid(5c56501a2a707484eb8851652aa8e30e) Importer(815301076,1909f56bfc062723c751e8b465ee728b)
Start importing Assets/Materials/rock.003 Base Color.png using Guid(5c56501a2a707484eb8851652aa8e30e) Importer(815301076,1909f56bfc062723c751e8b465ee728b) (PreviewImporter) -> (artifact id: 'b738c044c3c515822413bc5079a54ce9') in 0.006849252 seconds
Number of updated asset objects reloaded before import = 0Number of asset objects unloaded after import = 2

========================================================================
Received Import Request.
  Time since last request: 0.000072 seconds.
  path: Assets/Materials/sp_bullet.mat
  artifactKey: Guid(92d013de0cbdc4ac2854ea8ba397b1ba) Importer(815301076,1909f56bfc062723c751e8b465ee728b)
Start importing Assets/Materials/sp_bullet.mat using Guid(92d013de0cbdc4ac2854ea8ba397b1ba) Importer(815301076,1909f56bfc062723c751e8b465ee728b) (PreviewImporter) -> (artifact id: '53156ab8c002d6c7a2771223232a0f79') in 0.573272942 seconds
Number of updated asset objects reloaded before import = 0Number of asset objects unloaded after import = 1

========================================================================
Received Import Request.
  Time since last request: 0.000084 seconds.
  path: Assets/Materials/Material.002.mat
  artifactKey: Guid(c849021f2006f41e0a90eb87315e21f2) Importer(815301076,1909f56bfc062723c751e8b465ee728b)
Start importing Assets/Materials/Material.002.mat using Guid(c849021f2006f41e0a90eb87315e21f2) Importer(815301076,1909f56bfc062723c751e8b465ee728b) (PreviewImporter) -> (artifact id: '9742ec6804d814f91ae24e69795fd146') in 0.006363338 seconds
Number of updated asset objects reloaded before import = 0Number of asset objects unloaded after import = 1

========================================================================
Received Import Request.
  Time since last request: 2.971493 seconds.
  path: Assets/Materials2/GradientHorizontal.mat
  artifactKey: Guid(33d8a1414e43341ea8421741717a0909) Importer(815301076,1909f56bfc062723c751e8b465ee728b)
Start importing Assets/Materials2/GradientHorizontal.mat using Guid(33d8a1414e43341ea8421741717a0909) Importer(815301076,1909f56bfc062723c751e8b465ee728b) (PreviewImporter) -> (artifact id: '5ec469acbccc4a03797a6c3fb4b27b81') in 0.48127936 seconds
Number of updated asset objects reloaded before import = 0Number of asset objects unloaded after import = 2

========================================================================
Received Import Request.
  Time since last request: 15.389464 seconds.
  path: Assets/2D Assets/UI/Healthbar..1.png
  artifactKey: Guid(e2f2dd7d50255400480301e64883f080) Importer(815301076,1909f56bfc062723c751e8b465ee728b)
Start importing Assets/2D Assets/UI/Healthbar..1.png using Guid(e2f2dd7d50255400480301e64883f080) Importer(815301076,1909f56bfc062723c751e8b465ee728b) (PreviewImporter) -> (artifact id: 'b9e98b08e3e417194662ec766e7a2cd9') in 0.025035814 seconds
Number of updated asset objects reloaded before import = 0Number of asset objects unloaded after import = 3

========================================================================
Received Import Request.
  Time since last request: 0.000059 seconds.
  path: Assets/2D Assets/UI/HeathFill.png
  artifactKey: Guid(12a6a2151f66944b68e3c78b69226a03) Importer(815301076,1909f56bfc062723c751e8b465ee728b)
Start importing Assets/2D Assets/UI/HeathFill.png using Guid(12a6a2151f66944b68e3c78b69226a03) Importer(815301076,1909f56bfc062723c751e8b465ee728b) (PreviewImporter) -> (artifact id: '1521150555e112c6c0151cf9dbdd3a0a') in 0.013991562 seconds
Number of updated asset objects reloaded before import = 0Number of asset objects unloaded after import = 3

========================================================================
Received Import Request.
  Time since last request: 0.000056 seconds.
  path: Assets/2D Assets/UI/PauseMenuBG.png
  artifactKey: Guid(a37375a9b48c449da93e5249d8953ff7) Importer(815301076,1909f56bfc062723c751e8b465ee728b)
Start importing Assets/2D Assets/UI/PauseMenuBG.png using Guid(a37375a9b48c449da93e5249d8953ff7) Importer(815301076,1909f56bfc062723c751e8b465ee728b) (PreviewImporter) -> (artifact id: '977c179ec388300f0a5bbbf26dc2d139') in 0.01903478 seconds
Number of updated asset objects reloaded before import = 0Number of asset objects unloaded after import = 3

========================================================================
Received Import Request.
  Time since last request: 0.000056 seconds.
  path: Assets/2D Assets/UI/Heathbar.4.png
  artifactKey: Guid(3368959def0034067af98478982e3c5c) Importer(815301076,1909f56bfc062723c751e8b465ee728b)
Start importing Assets/2D Assets/UI/Heathbar.4.png using Guid(3368959def0034067af98478982e3c5c) Importer(815301076,1909f56bfc062723c751e8b465ee728b) (PreviewImporter) -> (artifact id: '5d58514a83a3a40fe32b2ed55c8a63b8') in 0.009124177 seconds
Number of updated asset objects reloaded before import = 0Number of asset objects unloaded after import = 3

========================================================================
Received Import Request.
  Time since last request: 0.000057 seconds.
  path: Assets/2D Assets/UI/SliderButton.png
  artifactKey: Guid(38f843bd8d6f34cea8a0a5926c4356a0) Importer(815301076,1909f56bfc062723c751e8b465ee728b)
Start importing Assets/2D Assets/UI/SliderButton.png using Guid(38f843bd8d6f34cea8a0a5926c4356a0) Importer(815301076,1909f56bfc062723c751e8b465ee728b) (PreviewImporter) -> (artifact id: 'd2e71d8603eee6c58b087cccc72c3297') in 0.012113743 seconds
Number of updated asset objects reloaded before import = 0Number of asset objects unloaded after import = 3

========================================================================
Received Import Request.
  Time since last request: 0.000054 seconds.
  path: Assets/2D Assets/UI/RetryButton.png
  artifactKey: Guid(4fccbdfd2ec54451d9db8bf5307aaa91) Importer(815301076,1909f56bfc062723c751e8b465ee728b)
Start importing Assets/2D Assets/UI/RetryButton.png using Guid(4fccbdfd2ec54451d9db8bf5307aaa91) Importer(815301076,1909f56bfc062723c751e8b465ee728b) (PreviewImporter) -> (artifact id: '109f74542389def397b634de7709ec4b') in 0.011092925 seconds
Number of updated asset objects reloaded before import = 0Number of asset objects unloaded after import = 3

========================================================================
Received Import Request.
  Time since last request: 0.000056 seconds.
  path: Assets/2D Assets/UI/PinkyPewPewTitle.png
  artifactKey: Guid(59c5549ae06e74b9faf8a96eba817a3d) Importer(815301076,1909f56bfc062723c751e8b465ee728b)
Start importing Assets/2D Assets/UI/PinkyPewPewTitle.png using Guid(59c5549ae06e74b9faf8a96eba817a3d) Importer(815301076,1909f56bfc062723c751e8b465ee728b) (PreviewImporter) -> (artifact id: '9ddef3d35ea03b2ab2d4f657e273d8ef') in 0.018151027 seconds
Number of updated asset objects reloaded before import = 0Number of asset objects unloaded after import = 3

========================================================================
Received Import Request.
  Time since last request: 2.280456 seconds.
  path: Assets/2D Assets/UI2/DeathScreenBG(1).png
  artifactKey: Guid(6a47e886b373f45408575f27538f9294) Importer(815301076,1909f56bfc062723c751e8b465ee728b)
Start importing Assets/2D Assets/UI2/DeathScreenBG(1).png using Guid(6a47e886b373f45408575f27538f9294) Importer(815301076,1909f56bfc062723c751e8b465ee728b) (PreviewImporter) -> (artifact id: '62d9ed06b3fe5cad651528deca7cadff') in 0.023090915 seconds
Number of updated asset objects reloaded before import = 0Number of asset objects unloaded after import = 3

========================================================================
Received Import Request.
  Time since last request: 0.000065 seconds.
  path: Assets/2D Assets/UI2/RetryButton(1).png
  artifactKey: Guid(49afb4da5248f4e328e442a91b51a1a7) Importer(815301076,1909f56bfc062723c751e8b465ee728b)
Start importing Assets/2D Assets/UI2/RetryButton(1).png using Guid(49afb4da5248f4e328e442a91b51a1a7) Importer(815301076,1909f56bfc062723c751e8b465ee728b) (PreviewImporter) -> (artifact id: '941e201d1c397b54a6147e95a610e865') in 0.010431622 seconds
Number of updated asset objects reloaded before import = 0Number of asset objects unloaded after import = 3

========================================================================
Received Import Request.
  Time since last request: 0.563300 seconds.
  path: Assets/2D Assets/UI3/DeathScreenBG(2).png
  artifactKey: Guid(dec1671fb72194119a5a221d2f1a3474) Importer(815301076,1909f56bfc062723c751e8b465ee728b)
Start importing Assets/2D Assets/UI3/DeathScreenBG(2).png using Guid(dec1671fb72194119a5a221d2f1a3474) Importer(815301076,1909f56bfc062723c751e8b465ee728b) (PreviewImporter) -> (artifact id: '1f9eac0e0b4be17951741632782412ba') in 0.022694718 seconds
Number of updated asset objects reloaded before import = 0Number of asset objects unloaded after import = 3

========================================================================
Received Import Request.
  Time since last request: 0.000051 seconds.
  path: Assets/2D Assets/UI3/HealthShape.LightPink.png
  artifactKey: Guid(69194d1de0aea4bf0a614f0f39f6b8f6) Importer(815301076,1909f56bfc062723c751e8b465ee728b)
Start importing Assets/2D Assets/UI3/HealthShape.LightPink.png using Guid(69194d1de0aea4bf0a614f0f39f6b8f6) Importer(815301076,1909f56bfc062723c751e8b465ee728b) (PreviewImporter) -> (artifact id: '3a1f19b6e93c2276ec0b9ba1dfa5db32') in 0.018349061 seconds
Number of updated asset objects reloaded before import = 0Number of asset objects unloaded after import = 3

========================================================================
Received Import Request.
  Time since last request: 25.616498 seconds.
  path: Assets/3D Assets/FinalPickups/CupCake(2).fbx
  artifactKey: Guid(fe95677a62dbc48e5a3e7de2d04d2331) Importer(815301076,1909f56bfc062723c751e8b465ee728b)
Start importing Assets/3D Assets/FinalPickups/CupCake(2).fbx using Guid(fe95677a62dbc48e5a3e7de2d04d2331) Importer(815301076,1909f56bfc062723c751e8b465ee728b) (PreviewImporter) -> (artifact id: '28df78b0593bc3c9cf64c3bba3e9791b') in 0.0724214 seconds
Number of updated asset objects reloaded before import = 0Number of asset objects unloaded after import = 9

========================================================================
Received Import Request.
  Time since last request: 0.000068 seconds.
  path: Assets/3D Assets/FinalPickups/Heart.fbx
  artifactKey: Guid(a136d4167a948439ba7b829022ad79f8) Importer(815301076,1909f56bfc062723c751e8b465ee728b)
Start importing Assets/3D Assets/FinalPickups/Heart.fbx using Guid(a136d4167a948439ba7b829022ad79f8) Importer(815301076,1909f56bfc062723c751e8b465ee728b) (PreviewImporter) -> (artifact id: '0f339c1e3d7277d125a246f609268cba') in 0.017806077 seconds
Number of updated asset objects reloaded before import = 0Number of asset objects unloaded after import = 9

========================================================================
Received Import Request.
  Time since last request: 0.000049 seconds.
  path: Assets/3D Assets/FinalPickups/HeartColor.mat
  artifactKey: Guid(7b066281d95c4442d933d1f1f7e8f684) Importer(815301076,1909f56bfc062723c751e8b465ee728b)
Start importing Assets/3D Assets/FinalPickups/HeartColor.mat using Guid(7b066281d95c4442d933d1f1f7e8f684) Importer(815301076,1909f56bfc062723c751e8b465ee728b) (PreviewImporter) -> (artifact id: '00f7dc9151aee080f6e2e5f29a8f7ea4') in 0.009519413 seconds
Number of updated asset objects reloaded before import = 0Number of asset objects unloaded after import = 2

========================================================================
Received Import Request.
  Time since last request: 0.006977 seconds.
  path: Assets/3D Assets/FinalPickups/Material.005 1.mat
  artifactKey: Guid(c902a7b39ee014d82a01ae85188858ec) Importer(815301076,1909f56bfc062723c751e8b465ee728b)
Start importing Assets/3D Assets/FinalPickups/Material.005 1.mat using Guid(c902a7b39ee014d82a01ae85188858ec) Importer(815301076,1909f56bfc062723c751e8b465ee728b) (PreviewImporter) -> (artifact id: '9a6913b8ca7a778e2796b19365a0ea68') in 0.00859276 seconds
Number of updated asset objects reloaded before import = 0Number of asset objects unloaded after import = 2

========================================================================
Received Import Request.
  Time since last request: 0.000049 seconds.
  path: Assets/3D Assets/FinalPickups/Material.003.mat
  artifactKey: Guid(1c28664dbe9f844f8899d5bf47ae04a7) Importer(815301076,1909f56bfc062723c751e8b465ee728b)
Start importing Assets/3D Assets/FinalPickups/Material.003.mat using Guid(1c28664dbe9f844f8899d5bf47ae04a7) Importer(815301076,1909f56bfc062723c751e8b465ee728b) (PreviewImporter) -> (artifact id: '723a78faec4babf192cbc73ac9d84f5a') in 0.007763534 seconds
Number of updated asset objects reloaded before import = 0Number of asset objects unloaded after import = 2

========================================================================
Received Import Request.
  Time since last request: 0.000058 seconds.
  path: Assets/3D Assets/FinalPickups/GummyBear(4).fbx
  artifactKey: Guid(4a07c279845b84af4b7e340a8eef2070) Importer(815301076,1909f56bfc062723c751e8b465ee728b)
Start importing Assets/3D Assets/FinalPickups/GummyBear(4).fbx using Guid(4a07c279845b84af4b7e340a8eef2070) Importer(815301076,1909f56bfc062723c751e8b465ee728b) (PreviewImporter) -> (artifact id: 'daf3162accd9a8f59e290f595ae0dfb4') in 0.016729298 seconds
Number of updated asset objects reloaded before import = 0Number of asset objects unloaded after import = 9

========================================================================
Received Import Request.
  Time since last request: 0.000086 seconds.
  path: Assets/3D Assets/FinalPickups/Strawberry.LeafColor.png
  artifactKey: Guid(88fa2e6bf9a184783ad38645120fb721) Importer(815301076,1909f56bfc062723c751e8b465ee728b)
Start importing Assets/3D Assets/FinalPickups/Strawberry.LeafColor.png using Guid(88fa2e6bf9a184783ad38645120fb721) Importer(815301076,1909f56bfc062723c751e8b465ee728b) (PreviewImporter) -> (artifact id: 'c020f39b1a1cd22efbbee0b02de58c6f') in 0.006113995 seconds
Number of updated asset objects reloaded before import = 0Number of asset objects unloaded after import = 2

========================================================================
Received Import Request.
  Time since last request: 0.000052 seconds.
  path: Assets/3D Assets/FinalPickups/Star.fbx
  artifactKey: Guid(bb9dd3a1cc0d244169081bddef6737ae) Importer(815301076,1909f56bfc062723c751e8b465ee728b)
Start importing Assets/3D Assets/FinalPickups/Star.fbx using Guid(bb9dd3a1cc0d244169081bddef6737ae) Importer(815301076,1909f56bfc062723c751e8b465ee728b) (PreviewImporter) -> (artifact id: 'a29b72eba5697d7ead34d943205b4d21') in 0.009502999 seconds
Number of updated asset objects reloaded before import = 0Number of asset objects unloaded after import = 7

========================================================================
Received Import Request.
  Time since last request: 33.960108 seconds.
  path: Assets/Prefabs/Bullet.prefab
  artifactKey: Guid(c59a296cc99174ba89af61ca645111f5) Importer(815301076,1909f56bfc062723c751e8b465ee728b)
Start importing Assets/Prefabs/Bullet.prefab using Guid(c59a296cc99174ba89af61ca645111f5) Importer(815301076,1909f56bfc062723c751e8b465ee728b) (PreviewImporter) -> (artifact id: '45e193d57342061c16832c5bc48c93b0') in 0.015447892 seconds
Number of updated asset objects reloaded before import = 0Number of asset objects unloaded after import = 44

========================================================================
Received Import Request.
  Time since last request: 0.000077 seconds.
  path: Assets/Prefabs/Player.prefab
  artifactKey: Guid(01619e4c5f85d42c5b16af99bfa0962b) Importer(815301076,1909f56bfc062723c751e8b465ee728b)
Start importing Assets/Prefabs/Player.prefab using Guid(01619e4c5f85d42c5b16af99bfa0962b) Importer(815301076,1909f56bfc062723c751e8b465ee728b) (PreviewImporter)Refreshing native plugins compatible for Editor in 0.42 ms, found 1 plugins.
Preloading 0 native plugins for Editor in 0.00 ms.
 -> (artifact id: 'cbd0e1d14e4528112cd58558be4f6391') in 0.101968144 seconds
Number of updated asset objects reloaded before import = 0Number of asset objects unloaded after import = 476

========================================================================
Received Import Request.
  Time since last request: 0.000059 seconds.
  path: Assets/Prefabs/Macaroon.prefab
  artifactKey: Guid(211ff656df44443b78bca499a287f9e9) Importer(815301076,1909f56bfc062723c751e8b465ee728b)
Start importing Assets/Prefabs/Macaroon.prefab using Guid(211ff656df44443b78bca499a287f9e9) Importer(815301076,1909f56bfc062723c751e8b465ee728b) (PreviewImporter) -> (artifact id: 'b5409591bd178a36dbe892e616ad5d13') in 0.018375919 seconds
Number of updated asset objects reloaded before import = 0Number of asset objects unloaded after import = 28

========================================================================
Received Import Request.
  Time since last request: 0.000048 seconds.
  path: Assets/Prefabs/vfx_slash.prefab
  artifactKey: Guid(bc2c2d9f9c64f48c58db4ea34afac334) Importer(815301076,1909f56bfc062723c751e8b465ee728b)
Start importing Assets/Prefabs/vfx_slash.prefab using Guid(bc2c2d9f9c64f48c58db4ea34afac334) Importer(815301076,1909f56bfc062723c751e8b465ee728b) (PreviewImporter) -> (artifact id: '79088de262de86bd66e04b7645c182ba') in 0.054546843 seconds
Number of updated asset objects reloaded before import = 0Number of asset objects unloaded after import = 23

========================================================================
Received Import Request.
  Time since last request: 0.000065 seconds.
  path: Assets/Prefabs/RangedSpider.prefab
  artifactKey: Guid(ce1894951760c4b42b6b961e6027d005) Importer(815301076,1909f56bfc062723c751e8b465ee728b)
Start importing Assets/Prefabs/RangedSpider.prefab using Guid(ce1894951760c4b42b6b961e6027d005) Importer(815301076,1909f56bfc062723c751e8b465ee728b) (PreviewImporter)Refreshing native plugins compatible for Editor in 0.54 ms, found 1 plugins.
Preloading 0 native plugins for Editor in 0.00 ms.
 -> (artifact id: '3e4df5b5cbeaa9b9252a0c8ff7b18252') in 0.047147005 seconds
Number of updated asset objects reloaded before import = 0Number of asset objects unloaded after import = 401

========================================================================
Received Import Request.
  Time since last request: 0.000077 seconds.
  path: Assets/Prefabs/Sparks.prefab
  artifactKey: Guid(9595fe13b3ebc4870bad317789d0e5ba) Importer(815301076,1909f56bfc062723c751e8b465ee728b)
Start importing Assets/Prefabs/Sparks.prefab using Guid(9595fe13b3ebc4870bad317789d0e5ba) Importer(815301076,1909f56bfc062723c751e8b465ee728b) (PreviewImporter) -> (artifact id: '4f021cf20a5708b93001e88eee379bc3') in 0.008618361 seconds
Number of updated asset objects reloaded before import = 0Number of asset objects unloaded after import = 8

========================================================================
Received Import Request.
  Time since last request: 0.000057 seconds.
  path: Assets/Prefabs/Particle System (1).prefab
  artifactKey: Guid(b80bd82b4148b4da4b00d15770c78e01) Importer(815301076,1909f56bfc062723c751e8b465ee728b)
Start importing Assets/Prefabs/Particle System (1).prefab using Guid(b80bd82b4148b4da4b00d15770c78e01) Importer(815301076,1909f56bfc062723c751e8b465ee728b) (PreviewImporter) -> (artifact id: 'c7e089b4cd8fbea2c6c434d8a2e10c41') in 0.00734318 seconds
Number of updated asset objects reloaded before import = 0Number of asset objects unloaded after import = 8

========================================================================
Received Import Request.
  Time since last request: 1.509449 seconds.
  path: Assets/Prefabs/PickUps/CupCake.prefab
  artifactKey: Guid(a6a3b29b89ffc4b59b586887770a3960) Importer(815301076,1909f56bfc062723c751e8b465ee728b)
Start importing Assets/Prefabs/PickUps/CupCake.prefab using Guid(a6a3b29b89ffc4b59b586887770a3960) Importer(815301076,1909f56bfc062723c751e8b465ee728b) (PreviewImporter) -> (artifact id: 'aef3b671a8bc0653891e45ff9be2f64d') in 0.02155354 seconds
Number of updated asset objects reloaded before import = 0Number of asset objects unloaded after import = 61

========================================================================
Received Import Request.
  Time since last request: 0.000063 seconds.
  path: Assets/Prefabs/PickUps/Strawberry.prefab
  artifactKey: Guid(f64a4382795bb4a379305775915ac108) Importer(815301076,1909f56bfc062723c751e8b465ee728b)
Start importing Assets/Prefabs/PickUps/Strawberry.prefab using Guid(f64a4382795bb4a379305775915ac108) Importer(815301076,1909f56bfc062723c751e8b465ee728b) (PreviewImporter) -> (artifact id: 'ed0de924f9f9e77b0e385e6e6164d83c') in 0.018412077 seconds
Number of updated asset objects reloaded before import = 0Number of asset objects unloaded after import = 69

========================================================================
Received Import Request.
  Time since last request: 0.000055 seconds.
  path: Assets/Prefabs/PickUps/Heart.prefab
  artifactKey: Guid(4e78fa87a71a045b2ae8cd23a64a4082) Importer(815301076,1909f56bfc062723c751e8b465ee728b)
Start importing Assets/Prefabs/PickUps/Heart.prefab using Guid(4e78fa87a71a045b2ae8cd23a64a4082) Importer(815301076,1909f56bfc062723c751e8b465ee728b) (PreviewImporter) -> (artifact id: 'e573f003f1f14eb83a87d68f84342a70') in 0.013691486 seconds
Number of updated asset objects reloaded before import = 0Number of asset objects unloaded after import = 57

========================================================================
Received Import Request.
  Time since last request: 98.125507 seconds.
  path: Packages/com.unity.shadergraph/GraphTemplates/Cross Pipeline/0_Decal Simple.shadergraph
  artifactKey: Guid(39144937a5efe954dac51acbbe54157e) Importer(815301076,1909f56bfc062723c751e8b465ee728b)
Start importing Packages/com.unity.shadergraph/GraphTemplates/Cross Pipeline/0_Decal Simple.shadergraph using Guid(39144937a5efe954dac51acbbe54157e) Importer(815301076,1909f56bfc062723c751e8b465ee728b) (PreviewImporter) -> (artifact id: 'd18738f0d10c84433790e6af9a775c7d') in 0.010002559 seconds
Number of updated asset objects reloaded before import = 0Number of asset objects unloaded after import = 2

========================================================================
Received Import Request.
  Time since last request: 0.000055 seconds.
  path: Packages/com.unity.render-pipelines.universal/Runtime/Materials/ArnoldStandardSurface/ArnoldStandardSurfaceTransparent.shadergraph
  artifactKey: Guid(30fa68ce467463643a86b839ca0eb195) Importer(815301076,1909f56bfc062723c751e8b465ee728b)
Start importing Packages/com.unity.render-pipelines.universal/Runtime/Materials/ArnoldStandardSurface/ArnoldStandardSurfaceTransparent.shadergraph using Guid(30fa68ce467463643a86b839ca0eb195) Importer(815301076,1909f56bfc062723c751e8b465ee728b) (PreviewImporter) -> (artifact id: 'eb971f113e15815714272b9c35514f9b') in 1.064501656 seconds
Number of updated asset objects reloaded before import = 0Number of asset objects unloaded after import = 5

========================================================================
Received Import Request.
  Time since last request: 0.000058 seconds.
  path: Packages/com.unity.searcher/Editor/Resources/FlatSkin/Font/Roboto-Thin.ttf
  artifactKey: Guid(19a9abb883540be48b75b951a927ae03) Importer(815301076,1909f56bfc062723c751e8b465ee728b)
Start importing Packages/com.unity.searcher/Editor/Resources/FlatSkin/Font/Roboto-Thin.ttf using Guid(19a9abb883540be48b75b951a927ae03) Importer(815301076,1909f56bfc062723c751e8b465ee728b) (PreviewImporter) -> (artifact id: '19b16875d8244f0d24da15306bbf7b5d') in 0.020051487 seconds
Number of updated asset objects reloaded before import = 0Number of asset objects unloaded after import = 4

========================================================================
Received Import Request.
  Time since last request: 0.000059 seconds.
  path: Packages/com.unity.shadergraph/GraphTemplates/BuiltIn/BuiltIn Lit Basic.shadergraph
  artifactKey: Guid(2019d78ad3d1c5c4a8d309a857ca449f) Importer(815301076,1909f56bfc062723c751e8b465ee728b)
Start importing Packages/com.unity.shadergraph/GraphTemplates/BuiltIn/BuiltIn Lit Basic.shadergraph using Guid(2019d78ad3d1c5c4a8d309a857ca449f) Importer(815301076,1909f56bfc062723c751e8b465ee728b) (PreviewImporter) -> (artifact id: 'cc03408bb809ce2309f95aa7c9d3a00d') in 0.018236474 seconds
Number of updated asset objects reloaded before import = 0Number of asset objects unloaded after import = 2

========================================================================
Received Import Request.
  Time since last request: 0.000059 seconds.
  path: Assets/TextMesh Pro/Resources/Fonts & Materials/LiberationSans SDF - Outline.mat
  artifactKey: Guid(79459efec17a4d00a321bdcc27bbc385) Importer(815301076,1909f56bfc062723c751e8b465ee728b)
Start importing Assets/TextMesh Pro/Resources/Fonts & Materials/LiberationSans SDF - Outline.mat using Guid(79459efec17a4d00a321bdcc27bbc385) Importer(815301076,1909f56bfc062723c751e8b465ee728b) (PreviewImporter) -> (artifact id: 'c29604258ea0ba61eb70fa18870ab0ef') in 0.053931768 seconds
Number of updated asset objects reloaded before import = 0Number of asset objects unloaded after import = 2

========================================================================
Received Import Request.
  Time since last request: 0.000068 seconds.
  path: Packages/com.unity.render-pipelines.universal/Shaders/FullscreenInvertColors.shadergraph
  artifactKey: Guid(fb6390f650ca44a5ba3246d8dda47927) Importer(815301076,1909f56bfc062723c751e8b465ee728b)
Start importing Packages/com.unity.render-pipelines.universal/Shaders/FullscreenInvertColors.shadergraph using Guid(fb6390f650ca44a5ba3246d8dda47927) Importer(815301076,1909f56bfc062723c751e8b465ee728b) (PreviewImporter) -> (artifact id: '3ac3f2d11d609b1039ec457700a2ff66') in 0.30124231 seconds
Number of updated asset objects reloaded before import = 0Number of asset objects unloaded after import = 2

========================================================================
Received Import Request.
  Time since last request: 0.000070 seconds.
  path: Packages/com.unity.shadergraph/GraphTemplates/Custom Render Texture.shadergraph
  artifactKey: Guid(7ef2cf71ad164fe479662ae612dff99e) Importer(815301076,1909f56bfc062723c751e8b465ee728b)
Start importing Packages/com.unity.shadergraph/GraphTemplates/Custom Render Texture.shadergraph using Guid(7ef2cf71ad164fe479662ae612dff99e) Importer(815301076,1909f56bfc062723c751e8b465ee728b) (PreviewImporter) -> (artifact id: '187d55c7428c204358a0ecefc7ca513c') in 0.134007217 seconds
Number of updated asset objects reloaded before import = 0Number of asset objects unloaded after import = 2

========================================================================
Received Import Request.
  Time since last request: 0.000069 seconds.
  path: Assets/TextMesh Pro/Resources/Fonts & Materials/LiberationSans SDF - Fallback.asset
  artifactKey: Guid(2e498d1c8094910479dc3e1b768306a4) Importer(815301076,1909f56bfc062723c751e8b465ee728b)
Start importing Assets/TextMesh Pro/Resources/Fonts & Materials/LiberationSans SDF - Fallback.asset using Guid(2e498d1c8094910479dc3e1b768306a4) Importer(815301076,1909f56bfc062723c751e8b465ee728b) (PreviewImporter) -> (artifact id: '1e906424c5da82690f51b5a01de15b72') in 0.013229779 seconds
Number of updated asset objects reloaded before import = 0Number of asset objects unloaded after import = 6

========================================================================
Received Import Request.
  Time since last request: 0.000069 seconds.
  path: Assets/2D Assets/Fur.mat
  artifactKey: Guid(ed9d0ce98a7c54fae8edac467e3824ba) Importer(815301076,1909f56bfc062723c751e8b465ee728b)
Start importing Assets/2D Assets/Fur.mat using Guid(ed9d0ce98a7c54fae8edac467e3824ba) Importer(815301076,1909f56bfc062723c751e8b465ee728b) (PreviewImporter) -> (artifact id: 'e4d5eaf0d173e4bdd7e7a9ac49b87d16') in 0.011485865 seconds
Number of updated asset objects reloaded before import = 0Number of asset objects unloaded after import = 2

========================================================================
Received Import Request.
  Time since last request: 0.000057 seconds.
  path: Packages/com.unity.searcher/Editor/Resources/FlatSkin/Font/Roboto-Black.ttf
  artifactKey: Guid(1062c701058745940ae5dca6219c64c8) Importer(815301076,1909f56bfc062723c751e8b465ee728b)
Start importing Packages/com.unity.searcher/Editor/Resources/FlatSkin/Font/Roboto-Black.ttf using Guid(1062c701058745940ae5dca6219c64c8) Importer(815301076,1909f56bfc062723c751e8b465ee728b) (PreviewImporter) -> (artifact id: '8ffde6502f740ae091f536ac016d4ded') in 0.009294481 seconds
Number of updated asset objects reloaded before import = 0Number of asset objects unloaded after import = 4

========================================================================
Received Import Request.
  Time since last request: 0.000055 seconds.
  path: Assets/TextMesh Pro/Resources/Fonts & Materials/LiberationSans SDF - Drop Shadow.mat
  artifactKey: Guid(e73a58f6e2794ae7b1b7e50b7fb811b0) Importer(815301076,1909f56bfc062723c751e8b465ee728b)
Start importing Assets/TextMesh Pro/Resources/Fonts & Materials/LiberationSans SDF - Drop Shadow.mat using Guid(e73a58f6e2794ae7b1b7e50b7fb811b0) Importer(815301076,1909f56bfc062723c751e8b465ee728b) (PreviewImporter) -> (artifact id: 'a6021db3d73a5ca340c9b3ae735f2215') in 0.057464937 seconds
Number of updated asset objects reloaded before import = 0Number of asset objects unloaded after import = 2

========================================================================
Received Import Request.
  Time since last request: 0.000058 seconds.
  path: Packages/com.unity.searcher/Editor/Resources/FlatSkin/Font/Roboto-Regular.ttf
  artifactKey: Guid(30dc370b164eefc43b95744fc796dad0) Importer(815301076,1909f56bfc062723c751e8b465ee728b)
Start importing Packages/com.unity.searcher/Editor/Resources/FlatSkin/Font/Roboto-Regular.ttf using Guid(30dc370b164eefc43b95744fc796dad0) Importer(815301076,1909f56bfc062723c751e8b465ee728b) (PreviewImporter) -> (artifact id: 'fe858aa96c106b35582297b2cb498594') in 0.014839039 seconds
Number of updated asset objects reloaded before import = 0Number of asset objects unloaded after import = 4

========================================================================
Received Import Request.
  Time since last request: 0.000056 seconds.
  path: Packages/com.unity.render-pipelines.universal/Runtime/Materials/FullscreenInvertColors.mat
  artifactKey: Guid(78a08787ca30045abb69f6f7dd878e09) Importer(815301076,1909f56bfc062723c751e8b465ee728b)
Start importing Packages/com.unity.render-pipelines.universal/Runtime/Materials/FullscreenInvertColors.mat using Guid(78a08787ca30045abb69f6f7dd878e09) Importer(815301076,1909f56bfc062723c751e8b465ee728b) (PreviewImporter) -> (artifact id: '0d700c2f9f3bae9a7933611710d48252') in 0.010135468 seconds
Number of updated asset objects reloaded before import = 0Number of asset objects unloaded after import = 2

========================================================================
Received Import Request.
  Time since last request: 0.000049 seconds.
  path: Assets/TextMesh Pro/Resources/Fonts & Materials/LiberationSans SDF.asset
  artifactKey: Guid(8f586378b4e144a9851e7b34d9b748ee) Importer(815301076,1909f56bfc062723c751e8b465ee728b)
Start importing Assets/TextMesh Pro/Resources/Fonts & Materials/LiberationSans SDF.asset using Guid(8f586378b4e144a9851e7b34d9b748ee) Importer(815301076,1909f56bfc062723c751e8b465ee728b) (PreviewImporter) -> (artifact id: '156010693c6959feb60790948a0018d2') in 0.021083995 seconds
Number of updated asset objects reloaded before import = 0Number of asset objects unloaded after import = 9

========================================================================
Received Import Request.
  Time since last request: 0.000053 seconds.
  path: Packages/com.unity.render-pipelines.universal/Editor/SceneTemplates/Materials/Black.mat
  artifactKey: Guid(4f1ef37ae953c484bbc5d5e4049147e5) Importer(815301076,1909f56bfc062723c751e8b465ee728b)
Start importing Packages/com.unity.render-pipelines.universal/Editor/SceneTemplates/Materials/Black.mat using Guid(4f1ef37ae953c484bbc5d5e4049147e5) Importer(815301076,1909f56bfc062723c751e8b465ee728b) (PreviewImporter) -> (artifact id: '92617d9263377a321273e7321e412b5d') in 0.012900594 seconds
Number of updated asset objects reloaded before import = 0Number of asset objects unloaded after import = 1

========================================================================
Received Import Request.
  Time since last request: 0.000056 seconds.
  path: Packages/com.unity.render-pipelines.universal/Runtime/Materials/Lit.mat
  artifactKey: Guid(31321ba15b8f8eb4c954353edc038b1d) Importer(815301076,1909f56bfc062723c751e8b465ee728b)
Start importing Packages/com.unity.render-pipelines.universal/Runtime/Materials/Lit.mat using Guid(31321ba15b8f8eb4c954353edc038b1d) Importer(815301076,1909f56bfc062723c751e8b465ee728b) (PreviewImporter) -> (artifact id: '13249fce8ecca135985ac9356f6f9aaa') in 0.014012209 seconds
Number of updated asset objects reloaded before import = 0Number of asset objects unloaded after import = 0

========================================================================
Received Import Request.
  Time since last request: 0.000060 seconds.
  path: Packages/com.unity.render-pipelines.core/Runtime/Debugging/Prefabs/Fonts/PerfectDOSVGA437.ttf
  artifactKey: Guid(74a5091d8707f334b9a5c31ef71a64ba) Importer(815301076,1909f56bfc062723c751e8b465ee728b)
Start importing Packages/com.unity.render-pipelines.core/Runtime/Debugging/Prefabs/Fonts/PerfectDOSVGA437.ttf using Guid(74a5091d8707f334b9a5c31ef71a64ba) Importer(815301076,1909f56bfc062723c751e8b465ee728b) (PreviewImporter) -> (artifact id: '4f5d2fefcf6e3af4dd22307b0be8c0a6') in 0.016871451 seconds
Number of updated asset objects reloaded before import = 0Number of asset objects unloaded after import = 4

========================================================================
Received Import Request.
  Time since last request: 0.000057 seconds.
  path: Packages/com.unity.render-pipelines.universal/Editor/ShaderGraph/GraphTemplates/Fullscreen Basic URP.shadergraph
  artifactKey: Guid(df41eefe8c13d444ca890dddbbc61f8d) Importer(815301076,1909f56bfc062723c751e8b465ee728b)
Start importing Packages/com.unity.render-pipelines.universal/Editor/ShaderGraph/GraphTemplates/Fullscreen Basic URP.shadergraph using Guid(df41eefe8c13d444ca890dddbbc61f8d) Importer(815301076,1909f56bfc062723c751e8b465ee728b) (PreviewImporter) -> (artifact id: '2fc00552a819ba812f0e51d5e06b4d5f') in 0.262646167 seconds
Number of updated asset objects reloaded before import = 0Number of asset objects unloaded after import = 2

========================================================================
Received Import Request.
  Time since last request: 0.000059 seconds.
  path: Packages/com.unity.render-pipelines.core/Runtime/RenderPipelineResources/Mesh/SamplesFloorSpotlight.fbx
  artifactKey: Guid(1dbf28c1bb322474d981b2dc555e28b0) Importer(815301076,1909f56bfc062723c751e8b465ee728b)
Start importing Packages/com.unity.render-pipelines.core/Runtime/RenderPipelineResources/Mesh/SamplesFloorSpotlight.fbx using Guid(1dbf28c1bb322474d981b2dc555e28b0) Importer(815301076,1909f56bfc062723c751e8b465ee728b) (PreviewImporter) -> (artifact id: '9a6c59ecf4ebb5377d0757366b18ce5a') in 0.03618779 seconds
Number of updated asset objects reloaded before import = 0Number of asset objects unloaded after import = 14

========================================================================
Received Import Request.
  Time since last request: 0.000052 seconds.
  path: Assets/3D Assets/ball.mat
  artifactKey: Guid(455276a28bdba4628ae971b4d7793dae) Importer(815301076,1909f56bfc062723c751e8b465ee728b)
Start importing Assets/3D Assets/ball.mat using Guid(455276a28bdba4628ae971b4d7793dae) Importer(815301076,1909f56bfc062723c751e8b465ee728b) (PreviewImporter) -> (artifact id: '0884b9b0304a9abc16122b57a22d3a2b') in 0.0130231 seconds
Number of updated asset objects reloaded before import = 0Number of asset objects unloaded after import = 2

========================================================================
Received Import Request.
  Time since last request: 0.000057 seconds.
  path: Assets/3D Assets/Rock.fbx
  artifactKey: Guid(8e16c51c4c74b4766b6c8fb34f267714) Importer(815301076,1909f56bfc062723c751e8b465ee728b)
Start importing Assets/3D Assets/Rock.fbx using Guid(8e16c51c4c74b4766b6c8fb34f267714) Importer(815301076,1909f56bfc062723c751e8b465ee728b) (PreviewImporter) -> (artifact id: '118bda2ad4126af1e31d3c5eb5b20132') in 0.022118191 seconds
Number of updated asset objects reloaded before import = 0Number of asset objects unloaded after import = 8

========================================================================
Received Import Request.
  Time since last request: 0.000063 seconds.
  path: Packages/com.unity.shadergraph/GraphTemplates/BuiltIn/BuiltIn Unlit Basic.shadergraph
  artifactKey: Guid(9618d41bb71f74048bb6cace8785b93d) Importer(815301076,1909f56bfc062723c751e8b465ee728b)
Start importing Packages/com.unity.shadergraph/GraphTemplates/BuiltIn/BuiltIn Unlit Basic.shadergraph using Guid(9618d41bb71f74048bb6cace8785b93d) Importer(815301076,1909f56bfc062723c751e8b465ee728b) (PreviewImporter) -> (artifact id: '487a9893c91f9c202b1bfd628024517b') in 0.26221394 seconds
Number of updated asset objects reloaded before import = 0Number of asset objects unloaded after import = 2

========================================================================
Received Import Request.
  Time since last request: 0.000061 seconds.
  path: Packages/com.unity.render-pipelines.universal/Editor/SceneTemplates/Materials/Gold.mat
  artifactKey: Guid(c2e40fa84d53ccd428f640eac126b1fb) Importer(815301076,1909f56bfc062723c751e8b465ee728b)
Start importing Packages/com.unity.render-pipelines.universal/Editor/SceneTemplates/Materials/Gold.mat using Guid(c2e40fa84d53ccd428f640eac126b1fb) Importer(815301076,1909f56bfc062723c751e8b465ee728b) (PreviewImporter) -> (artifact id: 'e943084de06574375531f5c5c26a9195') in 0.008631725 seconds
Number of updated asset objects reloaded before import = 0Number of asset objects unloaded after import = 1

========================================================================
Received Import Request.
  Time since last request: 0.000055 seconds.
  path: Packages/com.unity.render-pipelines.universal/Shaders/AutodeskInteractive/AutodeskInteractive.shadergraph
  artifactKey: Guid(0e9d5a909a1f7e84882a534d0d11e49f) Importer(815301076,1909f56bfc062723c751e8b465ee728b)
Start importing Packages/com.unity.render-pipelines.universal/Shaders/AutodeskInteractive/AutodeskInteractive.shadergraph using Guid(0e9d5a909a1f7e84882a534d0d11e49f) Importer(815301076,1909f56bfc062723c751e8b465ee728b) (PreviewImporter) -> (artifact id: 'dfe3293ca6ef6551bad71bc3a650f448') in 0.917232252 seconds
Number of updated asset objects reloaded before import = 0Number of asset objects unloaded after import = 0

========================================================================
Received Import Request.
  Time since last request: 0.000073 seconds.
  path: Packages/com.unity.render-pipelines.universal/Runtime/RendererFeatures/SurfaceCacheGI/FallbackMaterial.mat
  artifactKey: Guid(8a239b3da89050c4e89ac06b168fc684) Importer(815301076,1909f56bfc062723c751e8b465ee728b)
Start importing Packages/com.unity.render-pipelines.universal/Runtime/RendererFeatures/SurfaceCacheGI/FallbackMaterial.mat using Guid(8a239b3da89050c4e89ac06b168fc684) Importer(815301076,1909f56bfc062723c751e8b465ee728b) (PreviewImporter) -> (artifact id: '1ad559e642d02c80bdd97c14010d934d') in 0.006151733 seconds
Number of updated asset objects reloaded before import = 0Number of asset objects unloaded after import = 1

========================================================================
Received Import Request.
  Time since last request: 0.000080 seconds.
  path: Assets/2D Assets/Bag.mat
  artifactKey: Guid(377ab6e5a8024436e854869602b266ae) Importer(815301076,1909f56bfc062723c751e8b465ee728b)
Start importing Assets/2D Assets/Bag.mat using Guid(377ab6e5a8024436e854869602b266ae) Importer(815301076,1909f56bfc062723c751e8b465ee728b) (PreviewImporter) -> (artifact id: 'af87a7e49fd329ac5ef5342e9bdc24d5') in 0.011090165 seconds
Number of updated asset objects reloaded before import = 0Number of asset objects unloaded after import = 2

========================================================================
Received Import Request.
  Time since last request: 0.000064 seconds.
  path: Packages/com.unity.searcher/Editor/Resources/FlatSkin/Font/Roboto-Bold.ttf
  artifactKey: Guid(3750c318f40cab44a97d3a81beaefeb3) Importer(815301076,1909f56bfc062723c751e8b465ee728b)
Start importing Packages/com.unity.searcher/Editor/Resources/FlatSkin/Font/Roboto-Bold.ttf using Guid(3750c318f40cab44a97d3a81beaefeb3) Importer(815301076,1909f56bfc062723c751e8b465ee728b) (PreviewImporter) -> (artifact id: '857434b5d2b3376e59bb287bae1d1257') in 0.011423035 seconds
Number of updated asset objects reloaded before import = 0Number of asset objects unloaded after import = 4

========================================================================
Received Import Request.
  Time since last request: 0.000479 seconds.
  path: Assets/2D Assets/dress.mat
  artifactKey: Guid(4b9e53790d30644e487efacbff507812) Importer(815301076,1909f56bfc062723c751e8b465ee728b)
Start importing Assets/2D Assets/dress.mat using Guid(4b9e53790d30644e487efacbff507812) Importer(815301076,1909f56bfc062723c751e8b465ee728b) (PreviewImporter) -> (artifact id: 'fa35e2f1a4544581b4c8d30da3aaa11e') in 0.009960198 seconds
Number of updated asset objects reloaded before import = 0Number of asset objects unloaded after import = 2

========================================================================
Received Import Request.
  Time since last request: 0.000084 seconds.
  path: Packages/com.unity.searcher/Editor/Resources/FlatSkin/Font/Roboto-Italic.ttf
  artifactKey: Guid(c839255fc8f6b4b4d90bf8c1af9f9bd1) Importer(815301076,1909f56bfc062723c751e8b465ee728b)
Start importing Packages/com.unity.searcher/Editor/Resources/FlatSkin/Font/Roboto-Italic.ttf using Guid(c839255fc8f6b4b4d90bf8c1af9f9bd1) Importer(815301076,1909f56bfc062723c751e8b465ee728b) (PreviewImporter) -> (artifact id: '073fb8ebc09118ae637793041df5296a') in 0.015184339 seconds
Number of updated asset objects reloaded before import = 0Number of asset objects unloaded after import = 4

========================================================================
Received Import Request.
  Time since last request: 0.000058 seconds.
  path: Packages/com.unity.searcher/Editor/Resources/FlatSkin/Font/Roboto-ThinItalic.ttf
  artifactKey: Guid(b2ea3b3f1765e544b9eb5bd1a93a91ce) Importer(815301076,1909f56bfc062723c751e8b465ee728b)
Start importing Packages/com.unity.searcher/Editor/Resources/FlatSkin/Font/Roboto-ThinItalic.ttf using Guid(b2ea3b3f1765e544b9eb5bd1a93a91ce) Importer(815301076,1909f56bfc062723c751e8b465ee728b) (PreviewImporter) -> (artifact id: 'e2f93d554f7ea7bde1e57b6108bd6424') in 0.012605333 seconds
Number of updated asset objects reloaded before import = 0Number of asset objects unloaded after import = 4

========================================================================
Received Import Request.
  Time since last request: 0.000055 seconds.
  path: Packages/com.unity.shadergraph/GraphTemplates/Cross Pipeline/2_Particle Lit.shadergraph
  artifactKey: Guid(a680d9a9f8b66514abbfd3ae1c8f77f7) Importer(815301076,1909f56bfc062723c751e8b465ee728b)
Start importing Packages/com.unity.shadergraph/GraphTemplates/Cross Pipeline/2_Particle Lit.shadergraph using Guid(a680d9a9f8b66514abbfd3ae1c8f77f7) Importer(815301076,1909f56bfc062723c751e8b465ee728b) (PreviewImporter) -> (artifact id: '5b452c612e16bb04396a2f41da7e21e2') in 0.925245717 seconds
Number of updated asset objects reloaded before import = 0Number of asset objects unloaded after import = 9

========================================================================
Received Import Request.
  Time since last request: 0.000056 seconds.
  path: Packages/com.unity.render-pipelines.universal/Editor/ShaderGraph/GraphTemplates/2D/1_2D Sprite Unlit.shadergraph
  artifactKey: Guid(25a0ebb4827f3cc47a1af2c79005f65b) Importer(815301076,1909f56bfc062723c751e8b465ee728b)
Start importing Packages/com.unity.render-pipelines.universal/Editor/ShaderGraph/GraphTemplates/2D/1_2D Sprite Unlit.shadergraph using Guid(25a0ebb4827f3cc47a1af2c79005f65b) Importer(815301076,1909f56bfc062723c751e8b465ee728b) (PreviewImporter) -> (artifact id: '86f7ac526c788f47bea4311b658cce55') in 0.269160756 seconds
Number of updated asset objects reloaded before import = 0Number of asset objects unloaded after import = 2

========================================================================
Received Import Request.
  Time since last request: 0.000066 seconds.
  path: Assets/2D Assets/black.mat
  artifactKey: Guid(0a131f327baf04d89ba4744f30ca2d1d) Importer(815301076,1909f56bfc062723c751e8b465ee728b)
Start importing Assets/2D Assets/black.mat using Guid(0a131f327baf04d89ba4744f30ca2d1d) Importer(815301076,1909f56bfc062723c751e8b465ee728b) (PreviewImporter) -> (artifact id: '17752c236777af9ba4c720291dccdc62') in 0.010434415 seconds
Number of updated asset objects reloaded before import = 0Number of asset objects unloaded after import = 1

========================================================================
Received Import Request.
  Time since last request: 0.000055 seconds.
  path: Packages/com.unity.shadergraph/GraphTemplates/Cross Pipeline/1_Lit Full.shadergraph
  artifactKey: Guid(aee84ce0dab81b049bb88017d78a63cd) Importer(815301076,1909f56bfc062723c751e8b465ee728b)
Start importing Packages/com.unity.shadergraph/GraphTemplates/Cross Pipeline/1_Lit Full.shadergraph using Guid(aee84ce0dab81b049bb88017d78a63cd) Importer(815301076,1909f56bfc062723c751e8b465ee728b) (PreviewImporter) -> (artifact id: 'f68dfd493fc0bbfc2b243a4b160c05f9') in 0.913665165 seconds
Number of updated asset objects reloaded before import = 0Number of asset objects unloaded after import = 6

========================================================================
Received Import Request.
  Time since last request: 0.847060 seconds.
  path: Assets/Sound/TestSounds/2TestCoinSound.mp3
  artifactKey: Guid(2371499e553f545798c0b17fdb7b9d33) Importer(815301076,1909f56bfc062723c751e8b465ee728b)
Start importing Assets/Sound/TestSounds/2TestCoinSound.mp3 using Guid(2371499e553f545798c0b17fdb7b9d33) Importer(815301076,1909f56bfc062723c751e8b465ee728b) (PreviewImporter) -> (artifact id: '36398c7544eb40c3e5a0c9663473e9a8') in 0.091494697 seconds
Number of updated asset objects reloaded before import = 0Number of asset objects unloaded after import = 2

========================================================================
Received Import Request.
  Time since last request: 0.000056 seconds.
  path: Packages/com.unity.inputsystem/InputSystem/Editor/AssetEditor/PackageResources/pro/actionTreeBackground.png
  artifactKey: Guid(c4b66e31395c54087a2fbc13ae7e0f3c) Importer(815301076,1909f56bfc062723c751e8b465ee728b)
Start importing Packages/com.unity.inputsystem/InputSystem/Editor/AssetEditor/PackageResources/pro/actionTreeBackground.png using Guid(c4b66e31395c54087a2fbc13ae7e0f3c) Importer(815301076,1909f56bfc062723c751e8b465ee728b) (PreviewImporter) -> (artifact id: '4cad2c52512a99376fbad8678d1ed5c0') in 0.009906489 seconds
Number of updated asset objects reloaded before import = 0Number of asset objects unloaded after import = 2

========================================================================
Received Import Request.
  Time since last request: 0.000058 seconds.
  path: Packages/com.unity.inputsystem/InputSystem/Editor/AssetEditor/PackageResources/personal/actionTreeBackground.png
  artifactKey: Guid(ce5f11cd993284c4f9c54f854bdc8c9c) Importer(815301076,1909f56bfc062723c751e8b465ee728b)
Start importing Packages/com.unity.inputsystem/InputSystem/Editor/AssetEditor/PackageResources/personal/actionTreeBackground.png using Guid(ce5f11cd993284c4f9c54f854bdc8c9c) Importer(815301076,1909f56bfc062723c751e8b465ee728b) (PreviewImporter) -> (artifact id: 'ba1bd972a62ab15f1ab4f2fa9fe19b89') in 0.004700713 seconds
Number of updated asset objects reloaded before import = 0Number of asset objects unloaded after import = 2

Editor requested this worker to shutdown with reason: Scaling down because of idle timeout
AssetImportWorker is now disconnected from the server
Process exiting
